<?xml version="1.0" encoding="UTF-8"?>
<testsuite xmlns:xsi="http://www.w3.org/2001/XMLSchema-instance" xsi:noNamespaceSchemaLocation="https://maven.apache.org/surefire/maven-surefire-plugin/xsd/surefire-test-report-3.0.xsd" version="3.0" name="com.example.ExampleApplicationTest" time="6.118" tests="3" errors="0" skipped="0" failures="0">
  <properties>
[...]
</properties>
  <testcase name="contextLoads" classname="com.example.ExampleApplicationTest" time="0.65">
    <system-out><![CDATA[19:48:58.550 [main] INFO org.springframework.test.context.support.AnnotationConfigContextLoaderUtils -- Could not detect default configuration classes for test class [com.example.ExampleApplicationTest]: ExampleApplicationTest does not declare any static, non-private, non-final, nested classes annotated with @Configuration.
19:48:58.654 [main] INFO org.springframework.boot.test.context.SpringBootTestContextBootstrapper -- Found @SpringBootConfiguration com.example.ExampleApplication for test class com.example.ExampleApplicationTest
19:48:58.833 [main] INFO org.springframework.boot.devtools.restart.RestartApplicationListener -- Restart disabled due to context in which it is running
  .   ____          _            __ _ _
 /\\ / ___'_ __ _ _(_)_ __  __ _ \ \ \ \
( ( )\___ | '_ | '_| | '_ \/ _` | \ \ \ \
 \\/  ___)| |_)| | | | | || (_| |  ) ) ) )
  '  |____| .__|_| |_|_| |_\__, | / / / /
 =========|_|==============|___/=/_/_/_/

 :: Spring Boot ::                (v3.3.0)

2026-07-05T19:48:59.204Z  INFO 613 --- [javalive-example] [           main] com.example.ExampleApplicationTest       : Starting ExampleApplicationTest using Java 21.0.11 with PID 613 (started by user in /home/user/webapp/javalive/javalive-example)
2026-07-05T19:48:59.205Z DEBUG 613 --- [javalive-example] [           main] com.example.ExampleApplicationTest       : Running with Spring Boot v3.3.0, Spring v6.1.8
2026-07-05T19:48:59.206Z  INFO 613 --- [javalive-example] [           main] com.example.ExampleApplicationTest       : No active profile set, falling back to 1 default profile: "default"
2026-07-05T19:49:00.139Z  INFO 613 --- [javalive-example] [           main] .s.d.r.c.RepositoryConfigurationDelegate : Bootstrapping Spring Data JPA repositories in DEFAULT mode.
2026-07-05T19:49:00.168Z  INFO 613 --- [javalive-example] [           main] .s.d.r.c.RepositoryConfigurationDelegate : Finished Spring Data repository scanning in 21 ms. Found 0 JPA repository interfaces.
2026-07-05T19:49:00.854Z  INFO 613 --- [javalive-example] [           main] o.s.b.w.embedded.tomcat.TomcatWebServer  : Tomcat initialized with port 0 (http)
2026-07-05T19:49:00.865Z  INFO 613 --- [javalive-example] [           main] o.apache.catalina.core.StandardService   : Starting service [Tomcat]
2026-07-05T19:49:00.866Z  INFO 613 --- [javalive-example] [           main] o.apache.catalina.core.StandardEngine    : Starting Servlet engine: [Apache Tomcat/10.1.24]
2026-07-05T19:49:00.906Z  INFO 613 --- [javalive-example] [           main] o.a.c.c.C.[Tomcat].[localhost].[/]       : Initializing Spring embedded WebApplicationContext
2026-07-05T19:49:00.907Z  INFO 613 --- [javalive-example] [           main] w.s.c.ServletWebServerApplicationContext : Root WebApplicationContext: initialization completed in 1675 ms
2026-07-05T19:49:01.172Z  INFO 613 --- [javalive-example] [           main] o.hibernate.jpa.internal.util.LogHelper  : HHH000204: Processing PersistenceUnitInfo [name: default]
2026-07-05T19:49:01.247Z  INFO 613 --- [javalive-example] [           main] org.hibernate.Version                    : HHH000412: Hibernate ORM core version 6.5.2.Final
2026-07-05T19:49:01.299Z  INFO 613 --- [javalive-example] [           main] o.h.c.internal.RegionFactoryInitiator    : HHH000026: Second-level cache disabled
2026-07-05T19:49:01.626Z  INFO 613 --- [javalive-example] [           main] o.s.o.j.p.SpringPersistenceUnitInfo      : No LoadTimeWeaver setup: ignoring JPA class transformer
2026-07-05T19:49:01.657Z  INFO 613 --- [javalive-example] [           main] com.zaxxer.hikari.HikariDataSource       : HikariPool-1 - Starting...
2026-07-05T19:49:01.852Z  INFO 613 --- [javalive-example] [           main] com.zaxxer.hikari.pool.HikariPool        : HikariPool-1 - Added connection conn0: url=jdbc:h2:mem:testdb user=SA
2026-07-05T19:49:01.854Z  INFO 613 --- [javalive-example] [           main] com.zaxxer.hikari.HikariDataSource       : HikariPool-1 - Start completed.
2026-07-05T19:49:01.884Z  WARN 613 --- [javalive-example] [           main] org.hibernate.orm.deprecation            : HHH90000025: H2Dialect does not need to be specified explicitly using 'hibernate.dialect' (remove the property setting and it will be selected by default)
2026-07-05T19:49:02.760Z  INFO 613 --- [javalive-example] [           main] o.h.e.t.j.p.i.JtaPlatformInitiator       : HHH000489: No JTA platform available (set 'hibernate.transaction.jta.platform' to enable JTA platform integration)
2026-07-05T19:49:02.799Z  INFO 613 --- [javalive-example] [           main] j.LocalContainerEntityManagerFactoryBean : Initialized JPA EntityManagerFactory for persistence unit 'default'
2026-07-05T19:49:03.049Z  WARN 613 --- [javalive-example] [           main] JpaBaseConfiguration$JpaWebConfiguration : spring.jpa.open-in-view is enabled by default. Therefore, database queries may be performed during view rendering. Explicitly configure spring.jpa.open-in-view to disable this warning
2026-07-05T19:49:03.073Z  WARN 613 --- [javalive-example] [           main] .s.s.UserDetailsServiceAutoConfiguration : 

Using generated security password: 8a0bea5b-a738-4ab3-96f8-fd6a80e0f08e

This generated password is for development use only. Your security configuration must be updated before running your application in production.

2026-07-05T19:49:03.114Z  INFO 613 --- [javalive-example] [           main] r$InitializeUserDetailsManagerConfigurer : Global AuthenticationManager configured with UserDetailsService bean with name inMemoryUserDetailsManager
2026-07-05T19:49:03.193Z  INFO 613 --- [javalive-example] [           main] o.s.b.a.w.s.WelcomePageHandlerMapping    : Adding welcome page: class path resource [static/index.html]
2026-07-05T19:49:03.411Z  INFO 613 --- [javalive-example] [           main] o.s.s.web.DefaultSecurityFilterChain     : Will secure any request with [org.springframework.security.web.session.DisableEncodeUrlFilter@2027d56f, org.springframework.security.web.context.request.async.WebAsyncManagerIntegrationFilter@44c54463, org.springframework.security.web.context.SecurityContextHolderFilter@175745fc, org.springframework.security.web.header.HeaderWriterFilter@487ee2a, org.springframework.web.filter.CorsFilter@64b20d9c, org.springframework.security.web.authentication.logout.LogoutFilter@134ec0f3, org.springframework.security.web.savedrequest.RequestCacheAwareFilter@60e5db1d, org.springframework.security.web.servletapi.SecurityContextHolderAwareRequestFilter@32eac39b, org.springframework.security.web.authentication.AnonymousAuthenticationFilter@6fc3f1a7, org.springframework.security.web.access.ExceptionTranslationFilter@1aba8978, org.springframework.security.web.access.intercept.AuthorizationFilter@365a4b9b]
2026-07-05T19:49:03.757Z  INFO 613 --- [javalive-example] [           main] o.s.b.w.embedded.tomcat.TomcatWebServer  : Tomcat started on port 40747 (http) with context path '/'
2026-07-05T19:49:03.759Z  INFO 613 --- [javalive-example] [           main] org.springframework.web.SimpLogging      : Starting...
2026-07-05T19:49:03.759Z  INFO 613 --- [javalive-example] [           main] org.springframework.web.SimpLogging      : BrokerAvailabilityEvent[available=true, SimpleBrokerMessageHandler [org.springframework.messaging.simp.broker.DefaultSubscriptionRegistry@6b23897a]]
2026-07-05T19:49:03.759Z  INFO 613 --- [javalive-example] [           main] org.springframework.web.SimpLogging      : Started.
2026-07-05T19:49:03.775Z  INFO 613 --- [javalive-example] [           main] com.example.ExampleApplicationTest       : Started ExampleApplicationTest in 4.955 seconds (process running for 5.977)
2026-07-05T19:49:03.797Z DEBUG 613 --- [javalive-example] [           main] io.javalive.core.state.StateManager      : JavaLive: Registered state schema for component 'counter-widget'
2026-07-05T19:49:03.797Z DEBUG 613 --- [javalive-example] [           main] io.javalive.core.state.SchemaLoader      : JavaLive: Loaded schema for 'counter-widget'
2026-07-05T19:49:03.799Z DEBUG 613 --- [javalive-example] [           main] io.javalive.core.state.StateManager      : JavaLive: Registered state schema for component 'dashboard'
2026-07-05T19:49:03.799Z DEBUG 613 --- [javalive-example] [           main] io.javalive.core.state.SchemaLoader      : JavaLive: Loaded schema for 'dashboard'
2026-07-05T19:49:03.802Z DEBUG 613 --- [javalive-example] [           main] io.javalive.core.state.StateManager      : JavaLive: Registered state schema for component 'user-management'
2026-07-05T19:49:03.803Z DEBUG 613 --- [javalive-example] [           main] io.javalive.core.state.SchemaLoader      : JavaLive: Loaded schema for 'user-management'
2026-07-05T19:49:03.803Z  INFO 613 --- [javalive-example] [           main] io.javalive.core.state.SchemaLoader      : JavaLive: Loaded 3 component state schema(s)
2026-07-05T19:49:03.810Z DEBUG 613 --- [javalive-example] [           main] io.javalive.core.routing.RouteLoader     : JavaLive RouteLoader: Registered route [/dashboard → dashboard]
2026-07-05T19:49:03.813Z DEBUG 613 --- [javalive-example] [           main] io.javalive.core.routing.RouteLoader     : JavaLive RouteLoader: Registered route [/users → user-management]
2026-07-05T19:49:03.814Z  INFO 613 --- [javalive-example] [           main] io.javalive.core.routing.RouteLoader     : JavaLive RouteLoader: Registered 2 route(s). Routes: [/dashboard → dashboard, /users → user-management]
]]></system-out>
    <system-err><![CDATA[WARNING: A Java agent has been loaded dynamically (/home/user/.m2/repository/net/bytebuddy/byte-buddy-agent/1.14.16/byte-buddy-agent-1.14.16.jar)
WARNING: If a serviceability tool is in use, please run with -XX:+EnableDynamicAgentLoading to hide this warning
WARNING: If a serviceability tool is not in use, please run with -Djdk.instrument.traceUsage for more information
WARNING: Dynamic loading of agents will be disallowed by default in a future release
]]></system-err>
  </testcase>
  <testcase name="userServiceHasInitialData" classname="com.example.ExampleApplicationTest" time="0.004"/>
  <testcase name="userServiceBeanExists" classname="com.example.ExampleApplicationTest" time="0.004"/>
</testsuite>