<?xml version="1.0" encoding="UTF-8"?>
<testsuite xmlns:xsi="http://www.w3.org/2001/XMLSchema-instance" xsi:noNamespaceSchemaLocation="https://maven.apache.org/surefire/maven-surefire-plugin/xsd/surefire-test-report-3.0.xsd" version="3.0" name="io.javalive.processor.model.MethodModelTest$GetParamNamesJoined" time="0.009" tests="4" errors="0" skipped="0" failures="0">
  <properties>
[...]
</properties>
  <testcase name="singleParam" classname="io.javalive.processor.model.MethodModelTest$GetParamNamesJoined" time="0.0"/>
  <testcase name="noParams" classname="io.javalive.processor.model.MethodModelTest$GetParamNamesJoined" time="0.0"/>
  <testcase name="multipleParams" classname="io.javalive.processor.model.MethodModelTest$GetParamNamesJoined" time="0.001"/>
  <testcase name="nullParams" classname="io.javalive.processor.model.MethodModelTest$GetParamNamesJoined" time="0.0"/>
</testsuite>